<?xml version="1.0" encoding="UTF-8" ?>
<testsuite tests="7" failures="2" name="test.com.BddGoogleTest" time="8.67" errors="0" skipped="1">
  <properties>
[...]
</properties>
  <testcase classname="Scenario: Google Search Scenario" name="Given user is already on Home Page" time="0.001"/>
  <testcase classname="Scenario: Google Search Scenario" name="When title of Home Page is google" time="0"/>
  <testcase classname="Scenario: Google Search Scenario" name="Then user enters data search" time="0"/>
  <testcase classname="Scenario: Google Search Scenario" name="Then user click on Google Search" time="0"/>
  <testcase classname="Scenario: Google Search Scenario" name="Then user is on SearchRsults Page" time="0.002">
    <failure message="expected:&lt;basketball []- Google Search&gt; but was:&lt;basketball [legends ]- Google Search&gt;" type="org.junit.ComparisonFailure">org.junit.ComparisonFailure: expected:&lt;basketball []- Google Search&gt; but was:&lt;basketball [legends ]- Google Search&gt;
	at org.junit.Assert.assertEquals(Assert.java:115)
	at org.junit.Assert.assertEquals(Assert.java:144)
	at test.com.GoogleTest.user_is_on_SearchRsults_Page(GoogleTest.java:71)
	at ✽.Then user is on SearchRsults Page(google.feature:7)
</failure>
  </testcase>
  <testcase classname="Scenario: Google Search Scenario" name="Scenario: Google Search Scenario" time="0.002">
    <failure message="expected:&lt;basketball []- Google Search&gt; but was:&lt;basketball [legends ]- Google Search&gt;" type="org.junit.ComparisonFailure">org.junit.ComparisonFailure: expected:&lt;basketball []- Google Search&gt; but was:&lt;basketball [legends ]- Google Search&gt;
	at org.junit.Assert.assertEquals(Assert.java:115)
	at org.junit.Assert.assertEquals(Assert.java:144)
	at test.com.GoogleTest.user_is_on_SearchRsults_Page(GoogleTest.java:71)
	at ✽.Then user is on SearchRsults Page(google.feature:7)
</failure>
  </testcase>
  <testcase classname="Scenario: Google Search Scenario" name="Then user close the browser" time="0.002">
    <skipped/>
  </testcase>
</testsuite>